<?xml version="1.0" encoding="UTF-8"?>
<testng-results ignored="2" total="3" passed="1" failed="0" skipped="0">
  <reporter-output>
  </reporter-output>
  <suite started-at="2023-09-03T15:11:23 IST" name="Data Driven Basics" finished-at="2023-09-03T15:11:27 IST" duration-ms="3963">
    <groups>
    </groups>
    <test started-at="2023-09-03T15:11:23 IST" name="LoginTest" finished-at="2023-09-03T15:11:27 IST" duration-ms="3963">
      <class name="com.w2a.testcases.LoginTest">
        <test-method signature="loginAsBankManager()[pri:0, instance:com.w2a.testcases.LoginTest@c9d0d6]" started-at="2023-09-03T15:11:23 IST" name="loginAsBankManager" finished-at="2023-09-03T15:11:27 IST" duration-ms="3244" status="PASS">
          <reporter-output>
          </reporter-output>
        </test-method> <!-- loginAsBankManager -->
      </class> <!-- com.w2a.testcases.LoginTest -->
      <class name="com.w2a.base.TestBase">
        <test-method is-config="true" signature="setUp()[pri:0, instance:com.w2a.base.TestBase@7a362b6b]" started-at="2023-09-03T15:11:17 IST" name="setUp" finished-at="2023-09-03T15:11:23 IST" duration-ms="6382" status="PASS">
          <reporter-output>
          </reporter-output>
        </test-method> <!-- setUp -->
        <test-method is-config="true" signature="tearDown()[pri:0, instance:com.w2a.base.TestBase@7a362b6b]" started-at="2023-09-03T15:11:27 IST" name="tearDown" finished-at="2023-09-03T15:11:28 IST" duration-ms="430" status="PASS">
          <reporter-output>
          </reporter-output>
        </test-method> <!-- tearDown -->
      </class> <!-- com.w2a.base.TestBase -->
    </test> <!-- LoginTest -->
  </suite> <!-- Data Driven Basics -->
</testng-results>
